<?xml version="1.0" encoding="UTF-8"?>
<!-- Generated by org.testng.reporters.JUnitXMLReporter -->
<testsuite ignored="0" hostname="DESKTOP-7MIPOVK" failures="0" tests="3" name="Submit Order Test" time="37.086" errors="0" timestamp="2024-07-10T12:34:50 IST">
  <testcase classname="SeleniumFrameworkDesign.Tests.submitOrderTest" name="submitOrder" time="15.168"/>
  <testcase classname="SeleniumFrameworkDesign.Tests.submitOrderTest" name="submitOrder" time="14.188"/>
  <testcase classname="SeleniumFrameworkDesign.Tests.submitOrderTest" name="OrderHistoryTest" time="0.578"/>
</testsuite> <!-- Submit Order Test -->
