<?xml version="1.0" encoding="UTF-8"?>
<!-- Generated by org.testng.reporters.JUnitXMLReporter -->
<testsuite ignored="0" hostname="DESKTOP-7MIPOVK" failures="0" tests="2" name="Error Validation Test" time="22.597" errors="0" timestamp="2024-07-09T20:55:39 IST">
  <testcase classname="SeleniumFrameworkDesign.Tests.ErrorValidationsTest" name="loginErrorValidation" time="0.984"/>
  <testcase classname="SeleniumFrameworkDesign.Tests.ErrorValidationsTest" name="productErrorValidation" time="13.69"/>
</testsuite> <!-- Error Validation Test -->
