<?xml version="1.0" encoding="UTF-8"?>
<!-- Generated by org.testng.reporters.JUnitXMLReporter -->
<testsuite ignored="0" hostname="DESKTOP-7MIPOVK" failures="0" tests="3" name="Submit Order Test" time="40.66" errors="0" timestamp="2024-07-09T20:55:57 IST">
  <testcase classname="SeleniumFrameworkDesign.Tests.submitOrderTest" name="submitOrder" time="14.51"/>
  <testcase classname="SeleniumFrameworkDesign.Tests.submitOrderTest" name="submitOrder" time="14.276"/>
  <testcase classname="SeleniumFrameworkDesign.Tests.submitOrderTest" name="OrderHistoryTest" time="0.598"/>
</testsuite> <!-- Submit Order Test -->
