<?xml version="1.0" encoding="UTF-8"?>
<!-- Generated by org.testng.reporters.JUnitXMLReporter -->
<testsuite ignored="1" hostname="DESKTOP-7MIPOVK" failures="0" tests="2" name="Submit Order Test" time="39.465" errors="0" timestamp="2024-07-09T20:52:43 IST">
  <testcase classname="SeleniumFrameworkDesign.Tests.submitOrderTest" name="submitOrder" time="14.67"/>
  <testcase classname="SeleniumFrameworkDesign.Tests.submitOrderTest" name="submitOrder" time="14.533"/>
  <testcase classname="SeleniumFrameworkDesign.Tests.submitOrderTest" name="OrderHistoryTest" time="0.0">
    <ignored/>
  </testcase> <!-- OrderHistoryTest -->
</testsuite> <!-- Submit Order Test -->
