<?xml version="1.0" encoding="UTF-8"?>
<testng-results ignored="0" total="1" passed="1" failed="0" skipped="0">
  <reporter-output>
  </reporter-output>
  <suite started-at="2024-07-12T12:39:03 IST" name="Surefire suite" finished-at="2024-07-12T12:39:22 IST" duration-ms="18839">
    <groups>
      <group name="cucumber">
        <method signature="AbstractTestNGCucumberTests.runScenario(io.cucumber.testng.PickleWrapper,io.cucumber.testng.FeatureWrapper)[pri:0, instance:Cucumber.TestNGTestRunner@72f926e6]" name="runScenario" class="io.cucumber.testng.AbstractTestNGCucumberTests"/>
      </group> <!-- cucumber -->
    </groups>
    <test started-at="2024-07-12T12:39:03 IST" name="Surefire test" finished-at="2024-07-12T12:39:22 IST" duration-ms="18839">
      <class name="Cucumber.TestNGTestRunner">
        <test-method is-config="true" signature="setUpClass(org.testng.ITestContext)[pri:0, instance:Cucumber.TestNGTestRunner@72f926e6]" started-at="2024-07-12T12:39:03 IST" name="setUpClass" finished-at="2024-07-12T12:39:03 IST" duration-ms="713" status="PASS">
          <params>
            <param index="0">
              <value>
                <![CDATA[org.testng.TestRunner@74ea46e2]]>
              </value>
            </param>
          </params>
          <reporter-output>
          </reporter-output>
        </test-method> <!-- setUpClass -->
        <test-method signature="runScenario(io.cucumber.testng.PickleWrapper,io.cucumber.testng.FeatureWrapper)[pri:0, instance:Cucumber.TestNGTestRunner@72f926e6]" started-at="2024-07-12T12:39:03 IST" name="runScenario" description="Runs Cucumber Scenarios" data-provider="scenarios" finished-at="2024-07-12T12:39:22 IST" duration-ms="18043" status="PASS">
          <params>
            <param index="0">
              <value>
                <![CDATA["Positive test of submitting order"]]>
              </value>
            </param>
            <param index="1">
              <value>
                <![CDATA["Purchase order from ecommerce Website"]]>
              </value>
            </param>
          </params>
          <reporter-output>
          </reporter-output>
        </test-method> <!-- runScenario -->
        <test-method is-config="true" signature="tearDownClass()[pri:0, instance:Cucumber.TestNGTestRunner@72f926e6]" started-at="2024-07-12T12:39:22 IST" name="tearDownClass" finished-at="2024-07-12T12:39:22 IST" duration-ms="37" status="PASS">
          <reporter-output>
          </reporter-output>
        </test-method> <!-- tearDownClass -->
      </class> <!-- Cucumber.TestNGTestRunner -->
    </test> <!-- Surefire test -->
  </suite> <!-- Surefire suite -->
</testng-results>
