<?xml version="1.0" encoding="UTF-8"?>
<!-- Generated by org.testng.reporters.JUnitXMLReporter -->
<testsuite ignored="1" hostname="DESKTOP-7MIPOVK" failures="0" tests="2" name="Submit Order Test" time="26.461" errors="0" timestamp="2024-06-27T16:09:20 IST">
  <testcase classname="SeleniumFrameworkDesign.Tests.submitOrderTest" name="submitOrder" time="14.681"/>
  <testcase classname="SeleniumFrameworkDesign.Tests.submitOrderTest" name="submitOrder" time="2.993"/>
  <testcase classname="SeleniumFrameworkDesign.Tests.submitOrderTest" name="OrderHistoryTest" time="0.0">
    <ignored/>
  </testcase> <!-- OrderHistoryTest -->
</testsuite> <!-- Submit Order Test -->
